#
# There is insufficient memory for the Java Runtime Environment to continue.
# Native memory allocation (malloc) failed to allocate 1048576 bytes for AllocateHeap
# Possible reasons:
#   The system is out of physical RAM or swap space
#   In 32 bit mode, the process size limit was hit
# Possible solutions:
#   Reduce memory load on the system
#   Increase physical memory or swap space
#   Check if swap backing store is full
#   Use 64 bit Java on a 64 bit OS
#   Decrease Java heap size (-Xmx/-Xms)
#   Decrease number of Java threads
#   Decrease Java thread stack sizes (-Xss)
#   Set larger code cache with -XX:ReservedCodeCacheSize=
# This output file may be truncated or incomplete.
#
#  Out of Memory Error (memory/allocation.inline.hpp:60), pid=7772, tid=6304
#
# JRE version: 7.0_25-b17
# Java VM: Java HotSpot(TM) 64-Bit Server VM (23.25-b01 mixed mode windows-amd64 compressed oops)
# Failed to write core dump. Minidumps are not enabled by default on client versions of Windows
#

---------------  T H R E A D  ---------------

Current thread (0x00000000024b0800):  JavaThread "Unknown thread" [_thread_in_vm, id=6304, stack(0x00000000023b0000,0x00000000024b0000)]

Stack: [0x00000000023b0000,0x00000000024b0000]

---------------  P R O C E S S  ---------------

Java Threads: ( => current thread )

Other Threads:

=>0x00000000024b0800 (exited) JavaThread "Unknown thread" [_thread_in_vm, id=6304, stack(0x00000000023b0000,0x00000000024b0000)]

VM state:not at safepoint (normal execution)

VM Mutex/Monitor currently owned by a thread: None

Heap
 PSYoungGen      total 18560K, used 318K [0x00000000eb4b0000, 0x00000000ec960000, 0x0000000100000000)
  eden space 15936K, 2% used [0x00000000eb4b0000,0x00000000eb4ffb50,0x00000000ec440000)
  from space 2624K, 0% used [0x00000000ec6d0000,0x00000000ec6d0000,0x00000000ec960000)
  to   space 2624K, 0% used [0x00000000ec440000,0x00000000ec440000,0x00000000ec6d0000)
 ParOldGen       total 42368K, used 0K [0x00000000c1e00000, 0x00000000c4760000, 0x00000000eb4b0000)
  object space 42368K, 0% used [0x00000000c1e00000,0x00000000c1e00000,0x00000000c4760000)
 PSPermGen       total 21248K, used 709K [0x00000000bcc00000, 0x00000000be0c0000, 0x00000000c1e00000)
  object space 21248K, 3% used [0x00000000bcc00000,0x00000000bccb1418,0x00000000be0c0000)

Card table byte_map: [0x00000000055b0000,0x00000000057d0000] byte_map_base: 0x0000000004fca000

Polling page: 0x0000000002260000

Code Cache  [0x00000000025b0000, 0x0000000002820000, 0x00000000055b0000)
 total_blobs=39 nmethods=0 adapters=20 free_code_cache=48889Kb largest_free_block=50062848

Compilation events (0 events):
No events

GC Heap History (0 events):
No events

Deoptimization events (0 events):
No events

Internal exceptions (0 events):
No events

Events (10 events):
Event: 0.075 loading class 0x00000000024c46f0
Event: 0.076 loading class 0x00000000024c46f0 done
Event: 0.076 loading class 0x00000000024c4750
Event: 0.076 loading class 0x00000000024c4750 done
Event: 0.076 loading class 0x00000000024c4870
Event: 0.077 loading class 0x00000000024c4870 done
Event: 0.079 loading class 0x00000000024bf530
Event: 0.079 loading class 0x00000000024bf530 done
Event: 0.079 loading class 0x00000000024bf7f0
Event: 0.079 loading class 0x00000000024bf7f0 done


Dynamic libraries:
0x00007ff656840000 - 0x00007ff656873000 	C:\Program Files\Java\jdk1.7.0_25\bin\java.exe
0x00007fff047e0000 - 0x00007fff0498d000 	C:\Windows\SYSTEM32\ntdll.dll
0x00007fff021c0000 - 0x00007fff022ff000 	C:\Windows\system32\KERNEL32.DLL
0x00007fff01d40000 - 0x00007fff01e55000 	C:\Windows\system32\KERNELBASE.dll
0x00007fff004d0000 - 0x00007fff0055e000 	C:\Windows\system32\apphelp.dll
0x00007ffef0d60000 - 0x00007ffef0db5000 	C:\Windows\AppPatch\AppPatch64\AcGenral.DLL
0x00007fff040d0000 - 0x00007fff0417a000 	C:\Windows\system32\msvcrt.dll
0x00007fff01cc0000 - 0x00007fff01cee000 	C:\Windows\system32\SspiCli.dll
0x00007fff03d40000 - 0x00007fff03d94000 	C:\Windows\system32\SHLWAPI.dll
0x00007fff04650000 - 0x00007fff047c7000 	C:\Windows\system32\USER32.dll
0x00007fff03f30000 - 0x00007fff040c5000 	C:\Windows\system32\ole32.dll
0x00007fff02300000 - 0x00007fff0382e000 	C:\Windows\system32\SHELL32.dll
0x00007fff00ed0000 - 0x00007fff00ef1000 	C:\Windows\SYSTEM32\USERENV.dll
0x00007fff041b0000 - 0x00007fff0425a000 	C:\Windows\system32\ADVAPI32.dll
0x00007ffef8630000 - 0x00007ffef864e000 	C:\Windows\SYSTEM32\MPR.dll
0x00007fff01e60000 - 0x00007fff01f9a000 	C:\Windows\system32\RPCRT4.dll
0x00007fff03ed0000 - 0x00007fff03f28000 	C:\Windows\SYSTEM32\sechost.dll
0x00007fff01fa0000 - 0x00007fff021b1000 	C:\Windows\SYSTEM32\combase.dll
0x00007fff038a0000 - 0x00007fff039ee000 	C:\Windows\system32\GDI32.dll
0x00007fff01900000 - 0x00007fff01915000 	C:\Windows\SYSTEM32\profapi.dll
0x00007ffeffcf0000 - 0x00007ffeffda2000 	C:\Windows\SYSTEM32\SHCORE.dll
0x00007fff04610000 - 0x00007fff04646000 	C:\Windows\system32\IMM32.DLL
0x00007fff03a60000 - 0x00007fff03bb1000 	C:\Windows\system32\MSCTF.dll
0x00007ffeff270000 - 0x00007ffeff4eb000 	C:\Windows\WinSxS\amd64_microsoft.windows.common-controls_6595b64144ccf1df_6.0.9600.19394_none_62486577ecb635cf\COMCTL32.dll
0x0000000069d60000 - 0x0000000069e31000 	C:\Program Files\Java\jdk1.7.0_25\jre\bin\msvcr100.dll
0x0000000069650000 - 0x0000000069d5f000 	C:\Program Files\Java\jdk1.7.0_25\jre\bin\server\jvm.dll
0x00007ffef86b0000 - 0x00007ffef86b9000 	C:\Windows\SYSTEM32\WSOCK32.dll
0x00007ffefa680000 - 0x00007ffefa6a2000 	C:\Windows\SYSTEM32\WINMM.dll
0x00007fff047d0000 - 0x00007fff047d7000 	C:\Windows\system32\PSAPI.DLL
0x00007fff03e70000 - 0x00007fff03eca000 	C:\Windows\system32\WS2_32.dll
0x00007ffefa5f0000 - 0x00007ffefa61a000 	C:\Windows\SYSTEM32\WINMMBASE.dll
0x00007fff039f0000 - 0x00007fff039f9000 	C:\Windows\system32\NSI.dll
0x00007fff01cf0000 - 0x00007fff01d3f000 	C:\Windows\SYSTEM32\cfgmgr32.dll
0x00007fff00750000 - 0x00007fff00778000 	C:\Windows\SYSTEM32\DEVOBJ.dll
0x0000000069640000 - 0x000000006964f000 	C:\Program Files\Java\jdk1.7.0_25\jre\bin\verify.dll
0x0000000069610000 - 0x0000000069638000 	C:\Program Files\Java\jdk1.7.0_25\jre\bin\java.dll
0x00000000695f0000 - 0x0000000069605000 	C:\Program Files\Java\jdk1.7.0_25\jre\bin\zip.dll

VM Arguments:
jvm_args: -Dclassworlds.conf=E:\selenium\mavan\apache-maven-3.8.2\bin\m2.conf -Dmaven.home=E:\selenium\mavan\apache-maven-3.8.2 -Dmaven.multiModuleProjectDirectory=C:\Users\Nikhil Vyasamudri\automation-workspace\SDET20 
java_command: org.codehaus.plexus.classworlds.launcher.Launcher test
Launcher Type: SUN_STANDARD

Environment Variables:
JAVA_HOME=C:\Program Files\Java\jdk1.7.0_25
PATH=E:\oracle\product\10.2.0\db_1\bin;C:\Program Files (x86)\Common Files\Oracle\Java\javapath;C:\Program Files (x86)\Intel\iCLS Client\;C:\Program Files\Intel\iCLS Client\;C:\Windows\system32;C:\Windows;C:\Windows\System32\Wbem;C:\Windows\System32\WindowsPowerShell\v1.0\;C:\Program Files\Intel\Intel(R) Management Engine Components\DAL;C:\Program Files\Intel\Intel(R) Management Engine Components\IPT;C:\Program Files (x86)\Intel\Intel(R) Management Engine Components\DAL;C:\Program Files (x86)\Intel\Intel(R) Management Engine Components\IPT;C:\TDM-GCC-64\bin;C:\Program Files\Java\jdk1.7.0_25\bin\;E:\selenium\mavan\apache-maven-3.8.2\bin\
USERNAME=Nikhil Vyasamudri
OS=Windows_NT
PROCESSOR_IDENTIFIER=Intel64 Family 6 Model 58 Stepping 9, GenuineIntel



---------------  S Y S T E M  ---------------

OS: Windows 8 , 64 bit Build 9200 

CPU:total 4 (2 cores per cpu, 2 threads per core) family 6 model 58 stepping 9, cmov, cx8, fxsr, mmx, sse, sse2, sse3, ssse3, sse4.1, sse4.2, popcnt, avx, ht, tsc, tscinvbit, tscinv

Memory: 4k page, physical 4066664k(523688k free), swap 7212392k(5524k free)

vm_info: Java HotSpot(TM) 64-Bit Server VM (23.25-b01) for windows-amd64 JRE (1.7.0_25-b17), built on Jun 21 2013 12:58:32 by "java_re" with unknown MS VC++:1600

time: Fri Aug 27 17:41:15 2021
elapsed time: 0 seconds

